# JRE version: OpenJDK Runtime Environment Microsoft-8035246 (17.0.8+7) (build 17.0.8+7-LTS)
# Java VM: OpenJDK 64-Bit Server VM Microsoft-8035246 (17.0.8+7-LTS, mixed mode, sharing, tiered, compressed oops, compressed class ptrs, g1 gc, windows-amd64)
GC Precious Log:
 CPUs: 8 total, 8 available
 Memory: 16263M
 Large Page Support: Disabled
 NUMA Support: Disabled
 Compressed Oops: Enabled (32-bit)
 Heap Region Size: 1M
 Heap Min Capacity: 8M
 Heap Initial Capacity: 256M
 Heap Max Capacity: 2G
 Pre-touch: Disabled
 Parallel Workers: 8
 Concurrent Workers: 2
 Concurrent Refinement Workers: 8
 Periodic GC: Disabled
Heap:
 garbage-first heap   total 321536K, used 205824K [0x0000000080000000, 0x0000000100000000)
  region size 1024K, 16 young (16384K), 10 survivors (10240K)
 Metaspace       used 111504K, committed 112640K, reserved 557056K
  class space    used 15468K, committed 16000K, reserved 425984K
GC Heap History (20 events):
Event: 76.505 GC heap before
{Heap before GC invocations=53 (full 0):
 garbage-first heap   total 209920K, used 172130K [0x0000000080000000, 0x0000000100000000)
  region size 1024K, 38 young (38912K), 2 survivors (2048K)
 Metaspace       used 103080K, committed 104064K, reserved 557056K
  class space    used 14353K, committed 14784K, reserved 425984K
}
Event: 76.509 GC heap after
{Heap after GC invocations=54 (full 0):
 garbage-first heap   total 209920K, used 137239K [0x0000000080000000, 0x0000000100000000)
  region size 1024K, 4 young (4096K), 4 survivors (4096K)
 Metaspace       used 103080K, committed 104064K, reserved 557056K
  class space    used 14353K, committed 14784K, reserved 425984K
}
Event: 76.930 GC heap before
{Heap before GC invocations=54 (full 0):
 garbage-first heap   total 209920K, used 174103K [0x0000000080000000, 0x0000000100000000)
  region size 1024K, 40 young (40960K), 4 survivors (4096K)
 Metaspace       used 103969K, committed 104960K, reserved 557056K
  class space    used 14471K, committed 14912K, reserved 425984K
}
Event: 76.951 GC heap after
{Heap after GC invocations=55 (full 0):
 garbage-first heap   total 209920K, used 141899K [0x0000000080000000, 0x0000000100000000)
  region size 1024K, 5 young (5120K), 5 survivors (5120K)
 Metaspace       used 103969K, committed 104960K, reserved 557056K
  class space    used 14471K, committed 14912K, reserved 425984K
}
Event: 77.308 GC heap before
{Heap before GC invocations=55 (full 0):
 garbage-first heap   total 209920K, used 175691K [0x0000000080000000, 0x0000000100000000)
  region size 1024K, 38 young (38912K), 5 survivors (5120K)
 Metaspace       used 104162K, committed 105152K, reserved 557056K
  class space    used 14491K, committed 14912K, reserved 425984K
}
Event: 77.318 GC heap after
{Heap after GC invocations=56 (full 0):
 garbage-first heap   total 251904K, used 147872K [0x0000000080000000, 0x0000000100000000)
  region size 1024K, 5 young (5120K), 5 survivors (5120K)
 Metaspace       used 104162K, committed 105152K, reserved 557056K
  class space    used 14491K, committed 14912K, reserved 425984K
}
Event: 78.200 GC heap before
{Heap before GC invocations=56 (full 0):
 garbage-first heap   total 251904K, used 207264K [0x0000000080000000, 0x0000000100000000)
  region size 1024K, 62 young (63488K), 5 survivors (5120K)
 Metaspace       used 104553K, committed 105536K, reserved 557056K
  class space    used 14531K, committed 14976K, reserved 425984K
}
Event: 78.241 GC heap after
{Heap after GC invocations=57 (full 0):
 garbage-first heap   total 251904K, used 158301K [0x0000000080000000, 0x0000000100000000)
  region size 1024K, 8 young (8192K), 8 survivors (8192K)
 Metaspace       used 104553K, committed 105536K, reserved 557056K
  class space    used 14531K, committed 14976K, reserved 425984K
}
Event: 79.512 GC heap before
{Heap before GC invocations=57 (full 0):
 garbage-first heap   total 251904K, used 208477K [0x0000000080000000, 0x0000000100000000)
  region size 1024K, 55 young (56320K), 8 survivors (8192K)
 Metaspace       used 104913K, committed 105984K, reserved 557056K
  class space    used 14574K, committed 15040K, reserved 425984K
}
Event: 79.564 GC heap after
{Heap after GC invocations=58 (full 0):
 garbage-first heap   total 251904K, used 172972K [0x0000000080000000, 0x0000000100000000)
  region size 1024K, 7 young (7168K), 7 survivors (7168K)
 Metaspace       used 104913K, committed 105984K, reserved 557056K
  class space    used 14574K, committed 15040K, reserved 425984K
}
Event: 80.492 GC heap before
{Heap before GC invocations=58 (full 0):
 garbage-first heap   total 251904K, used 207788K [0x0000000080000000, 0x0000000100000000)
  region size 1024K, 41 young (41984K), 7 survivors (7168K)
 Metaspace       used 106674K, committed 107840K, reserved 557056K
  class space    used 14835K, committed 15360K, reserved 425984K
}
Event: 80.542 GC heap after
{Heap after GC invocations=59 (full 0):
 garbage-first heap   total 251904K, used 178135K [0x0000000080000000, 0x0000000100000000)
  region size 1024K, 4 young (4096K), 4 survivors (4096K)
 Metaspace       used 106674K, committed 107840K, reserved 557056K
  class space    used 14835K, committed 15360K, reserved 425984K
}
Event: 82.826 GC heap before
{Heap before GC invocations=59 (full 0):
 garbage-first heap   total 251904K, used 210903K [0x0000000080000000, 0x0000000100000000)
  region size 1024K, 36 young (36864K), 4 survivors (4096K)
 Metaspace       used 109075K, committed 110208K, reserved 557056K
  class space    used 15175K, committed 15680K, reserved 425984K
}
Event: 82.835 GC heap after
{Heap after GC invocations=60 (full 0):
 garbage-first heap   total 321536K, used 180764K [0x0000000080000000, 0x0000000100000000)
  region size 1024K, 3 young (3072K), 3 survivors (3072K)
 Metaspace       used 109075K, committed 110208K, reserved 557056K
  class space    used 15175K, committed 15680K, reserved 425984K
}
Event: 85.416 GC heap before
{Heap before GC invocations=60 (full 0):
 garbage-first heap   total 321536K, used 257564K [0x0000000080000000, 0x0000000100000000)
  region size 1024K, 78 young (79872K), 3 survivors (3072K)
 Metaspace       used 110062K, committed 111168K, reserved 557056K
  class space    used 15260K, committed 15744K, reserved 425984K
}
Event: 85.428 GC heap after
{Heap after GC invocations=61 (full 0):
 garbage-first heap   total 321536K, used 189926K [0x0000000080000000, 0x0000000100000000)
  region size 1024K, 10 young (10240K), 10 survivors (10240K)
 Metaspace       used 110062K, committed 111168K, reserved 557056K
  class space    used 15260K, committed 15744K, reserved 425984K
}
Event: 86.310 GC heap before
{Heap before GC invocations=61 (full 0):
 garbage-first heap   total 321536K, used 260582K [0x0000000080000000, 0x0000000100000000)
  region size 1024K, 79 young (80896K), 10 survivors (10240K)
 Metaspace       used 111246K, committed 112384K, reserved 557056K
  class space    used 15453K, committed 15936K, reserved 425984K
}
Event: 86.322 GC heap after
{Heap after GC invocations=62 (full 0):
 garbage-first heap   total 321536K, used 195339K [0x0000000080000000, 0x0000000100000000)
  region size 1024K, 6 young (6144K), 6 survivors (6144K)
 Metaspace       used 111246K, committed 112384K, reserved 557056K
  class space    used 15453K, committed 15936K, reserved 425984K
}
Event: 88.111 GC heap before
{Heap before GC invocations=62 (full 0):
 garbage-first heap   total 321536K, used 262923K [0x0000000080000000, 0x0000000100000000)
  region size 1024K, 73 young (74752K), 6 survivors (6144K)
 Metaspace       used 111495K, committed 112640K, reserved 557056K
  class space    used 15468K, committed 16000K, reserved 425984K
}
Event: 88.121 GC heap after
{Heap after GC invocations=63 (full 0):
 garbage-first heap   total 321536K, used 200704K [0x0000000080000000, 0x0000000100000000)
  region size 1024K, 10 young (10240K), 10 survivors (10240K)
 Metaspace       used 111495K, committed 112640K, reserved 557056K
  class space    used 15468K, committed 16000K, reserved 425984K
}

